━━━━━━━━━━━━━━━━━━━━━━━━━━━━━━━━━━━━━━━━
🚀 GreekNova starting at 2026-05-16 17:06:47
⏭️  Weekend — skipping startup
━━━━━━━━━━━━━━━━━━━━━━━━━━━━━━━━━━━━━━━━
🚀 GreekNova starting at 2026-05-19 08:44:28
✅ Backend started with PID 1918
━━━━━━━━━━━━━━━━━━━━━━━━━━━━━━━━━━━━━━━━
🛑 GreekNova stopping at 2026-05-19 15:35:00
🗑️  Token cleared
💤 Market closed. GreekNova offline till tomorrow 8:30 AM
━━━━━━━━━━━━━━━━━━━━━━━━━━━━━━━━━━━━━━━━
🚀 GreekNova starting at 2026-05-20 08:34:05
✅ Backend started with PID 13156
━━━━━━━━━━━━━━━━━━━━━━━━━━━━━━━━━━━━━━━━
🛑 GreekNova stopping at 2026-05-20 15:35:03
🗑️  Token cleared
💤 Market closed. GreekNova offline till tomorrow 8:30 AM
━━━━━━━━━━━━━━━━━━━━━━━━━━━━━━━━━━━━━━━━
🚀 GreekNova starting at 2026-05-21 08:30:05
✅ Backend started with PID 23528
━━━━━━━━━━━━━━━━━━━━━━━━━━━━━━━━━━━━━━━━
🛑 GreekNova stopping at 2026-05-21 15:35:01
🗑️  Token cleared
💤 Market closed. GreekNova offline till tomorrow 8:30 AM
━━━━━━━━━━━━━━━━━━━━━━━━━━━━━━━━━━━━━━━━
🚀 GreekNova starting at 2026-05-22 08:30:00
✅ Backend started with PID 33315
━━━━━━━━━━━━━━━━━━━━━━━━━━━━━━━━━━━━━━━━
🛑 GreekNova stopping at 2026-05-22 15:35:05
🗑️  Token cleared
💤 Market closed. GreekNova offline till tomorrow 8:30 AM
━━━━━━━━━━━━━━━━━━━━━━━━━━━━━━━━━━━━━━━━
🛑 GreekNova stopping at 2026-05-23 15:45:32
⏭️  Weekend — nothing to stop
